# JRE version: Java(TM) SE Runtime Environment (8.0_131-b11) (build 1.8.0_131-b11)
# Java VM: Java HotSpot(TM) 64-Bit Server VM (25.131-b11 mixed mode windows-amd64 compressed oops)
Heap:
 PSYoungGen      total 187392K, used 88187K [0x00000000db300000, 0x00000000e9480000, 0x0000000100000000)
  eden space 176640K, 43% used [0x00000000db300000,0x00000000dfea3f50,0x00000000e5f80000)
  from space 10752K, 99% used [0x00000000e5f80000,0x00000000e69fae08,0x00000000e6a00000)
  to   space 14848K, 0% used [0x00000000e8600000,0x00000000e8600000,0x00000000e9480000)
 ParOldGen       total 73728K, used 22418K [0x0000000091800000, 0x0000000096000000, 0x00000000db300000)
  object space 73728K, 30% used [0x0000000091800000,0x0000000092de4aa0,0x0000000096000000)
 Metaspace       used 46781K, capacity 49284K, committed 49536K, reserved 1091584K
  class space    used 6060K, capacity 6502K, committed 6528K, reserved 1048576K
GC Heap History (10 events):
Event: 10.382 GC heap before
{Heap before GC invocations=17 (full 2):
 PSYoungGen      total 151040K, used 143360K [0x00000000db300000, 0x00000000e4e00000, 0x0000000100000000)
  eden space 143360K, 100% used [0x00000000db300000,0x00000000e3f00000,0x00000000e3f00000)
  from space 7680K, 0% used [0x00000000e4680000,0x00000000e4680000,0x00000000e4e00000)
  to   space 7680K, 0% used [0x00000000e3f00000,0x00000000e3f00000,0x00000000e4680000)
 ParOldGen       total 73728K, used 14294K [0x0000000091800000, 0x0000000096000000, 0x00000000db300000)
  object space 73728K, 19% used [0x0000000091800000,0x00000000925f5b78,0x0000000096000000)
 Metaspace       used 39166K, capacity 41508K, committed 41728K, reserved 1085440K
  class space    used 5186K, capacity 5606K, committed 5632K, reserved 1048576K
Event: 10.392 GC heap after
Heap after GC invocations=17 (full 2):
 PSYoungGen      total 151040K, used 5678K [0x00000000db300000, 0x00000000e7200000, 0x0000000100000000)
  eden space 143360K, 0% used [0x00000000db300000,0x00000000db300000,0x00000000e3f00000)
  from space 7680K, 73% used [0x00000000e3f00000,0x00000000e448b9f0,0x00000000e4680000)
  to   space 8192K, 0% used [0x00000000e6a00000,0x00000000e6a00000,0x00000000e7200000)
 ParOldGen       total 73728K, used 14366K [0x0000000091800000, 0x0000000096000000, 0x00000000db300000)
  object space 73728K, 19% used [0x0000000091800000,0x0000000092607b88,0x0000000096000000)
 Metaspace       used 39166K, capacity 41508K, committed 41728K, reserved 1085440K
  class space    used 5186K, capacity 5606K, committed 5632K, reserved 1048576K
}
Event: 12.121 GC heap before
{Heap before GC invocations=18 (full 2):
 PSYoungGen      total 151040K, used 149038K [0x00000000db300000, 0x00000000e7200000, 0x0000000100000000)
  eden space 143360K, 100% used [0x00000000db300000,0x00000000e3f00000,0x00000000e3f00000)
  from space 7680K, 73% used [0x00000000e3f00000,0x00000000e448b9f0,0x00000000e4680000)
  to   space 8192K, 0% used [0x00000000e6a00000,0x00000000e6a00000,0x00000000e7200000)
 ParOldGen       total 73728K, used 14366K [0x0000000091800000, 0x0000000096000000, 0x00000000db300000)
  object space 73728K, 19% used [0x0000000091800000,0x0000000092607b88,0x0000000096000000)
 Metaspace       used 40903K, capacity 43340K, committed 43520K, reserved 1087488K
  class space    used 5418K, capacity 5842K, committed 5888K, reserved 1048576K
Event: 12.137 GC heap after
Heap after GC invocations=18 (full 2):
 PSYoungGen      total 185856K, used 7710K [0x00000000db300000, 0x00000000e7200000, 0x0000000100000000)
  eden space 177664K, 0% used [0x00000000db300000,0x00000000db300000,0x00000000e6080000)
  from space 8192K, 94% used [0x00000000e6a00000,0x00000000e7187838,0x00000000e7200000)
  to   space 8704K, 0% used [0x00000000e6100000,0x00000000e6100000,0x00000000e6980000)
 ParOldGen       total 73728K, used 14374K [0x0000000091800000, 0x0000000096000000, 0x00000000db300000)
  object space 73728K, 19% used [0x0000000091800000,0x0000000092609b88,0x0000000096000000)
 Metaspace       used 40903K, capacity 43340K, committed 43520K, reserved 1087488K
  class space    used 5418K, capacity 5842K, committed 5888K, reserved 1048576K
}
Event: 14.958 GC heap before
{Heap before GC invocations=19 (full 2):
 PSYoungGen      total 185856K, used 185374K [0x00000000db300000, 0x00000000e7200000, 0x0000000100000000)
  eden space 177664K, 100% used [0x00000000db300000,0x00000000e6080000,0x00000000e6080000)
  from space 8192K, 94% used [0x00000000e6a00000,0x00000000e7187838,0x00000000e7200000)
  to   space 8704K, 0% used [0x00000000e6100000,0x00000000e6100000,0x00000000e6980000)
 ParOldGen       total 73728K, used 14374K [0x0000000091800000, 0x0000000096000000, 0x00000000db300000)
  object space 73728K, 19% used [0x0000000091800000,0x0000000092609b88,0x0000000096000000)
 Metaspace       used 41663K, capacity 44152K, committed 44416K, reserved 1087488K
  class space    used 5509K, capacity 5940K, committed 6016K, reserved 1048576K
Event: 14.976 GC heap after
Heap after GC invocations=19 (full 2):
 PSYoungGen      total 186368K, used 8664K [0x00000000db300000, 0x00000000e7200000, 0x0000000100000000)
  eden space 177664K, 0% used [0x00000000db300000,0x00000000db300000,0x00000000e6080000)
  from space 8704K, 99% used [0x00000000e6100000,0x00000000e69762a8,0x00000000e6980000)
  to   space 8192K, 0% used [0x00000000e6a00000,0x00000000e6a00000,0x00000000e7200000)
 ParOldGen       total 73728K, used 14382K [0x0000000091800000, 0x0000000096000000, 0x00000000db300000)
  object space 73728K, 19% used [0x0000000091800000,0x000000009260bb88,0x0000000096000000)
 Metaspace       used 41663K, capacity 44152K, committed 44416K, reserved 1087488K
  class space    used 5509K, capacity 5940K, committed 6016K, reserved 1048576K
}
Event: 18.695 GC heap before
{Heap before GC invocations=20 (full 2):
 PSYoungGen      total 186368K, used 186328K [0x00000000db300000, 0x00000000e7200000, 0x0000000100000000)
  eden space 177664K, 100% used [0x00000000db300000,0x00000000e6080000,0x00000000e6080000)
  from space 8704K, 99% used [0x00000000e6100000,0x00000000e69762a8,0x00000000e6980000)
  to   space 8192K, 0% used [0x00000000e6a00000,0x00000000e6a00000,0x00000000e7200000)
 ParOldGen       total 73728K, used 14382K [0x0000000091800000, 0x0000000096000000, 0x00000000db300000)
  object space 73728K, 19% used [0x0000000091800000,0x000000009260bb88,0x0000000096000000)
 Metaspace       used 41979K, capacity 44444K, committed 44672K, reserved 1087488K
  class space    used 5549K, capacity 5972K, committed 6016K, reserved 1048576K
Event: 18.706 GC heap after
Heap after GC invocations=20 (full 2):
 PSYoungGen      total 184832K, used 8184K [0x00000000db300000, 0x00000000e8c00000, 0x0000000100000000)
  eden space 176640K, 0% used [0x00000000db300000,0x00000000db300000,0x00000000e5f80000)
  from space 8192K, 99% used [0x00000000e6a00000,0x00000000e71fe050,0x00000000e7200000)
  to   space 10752K, 0% used [0x00000000e5f80000,0x00000000e5f80000,0x00000000e6a00000)
 ParOldGen       total 73728K, used 15479K [0x0000000091800000, 0x0000000096000000, 0x00000000db300000)
  object space 73728K, 20% used [0x0000000091800000,0x000000009271dcf0,0x0000000096000000)
 Metaspace       used 41979K, capacity 44444K, committed 44672K, reserved 1087488K
  class space    used 5549K, capacity 5972K, committed 6016K, reserved 1048576K
}
Event: 19.874 GC heap before
{Heap before GC invocations=21 (full 2):
 PSYoungGen      total 184832K, used 184824K [0x00000000db300000, 0x00000000e8c00000, 0x0000000100000000)
  eden space 176640K, 100% used [0x00000000db300000,0x00000000e5f80000,0x00000000e5f80000)
  from space 8192K, 99% used [0x00000000e6a00000,0x00000000e71fe050,0x00000000e7200000)
  to   space 10752K, 0% used [0x00000000e5f80000,0x00000000e5f80000,0x00000000e6a00000)
 ParOldGen       total 73728K, used 15479K [0x0000000091800000, 0x0000000096000000, 0x00000000db300000)
  object space 73728K, 20% used [0x0000000091800000,0x000000009271dcf0,0x0000000096000000)
 Metaspace       used 46464K, capacity 48996K, committed 49280K, reserved 1091584K
  class space    used 6033K, capacity 6470K, committed 6528K, reserved 1048576K
Event: 19.889 GC heap after
Heap after GC invocations=21 (full 2):
 PSYoungGen      total 187392K, used 10731K [0x00000000db300000, 0x00000000e9480000, 0x0000000100000000)
  eden space 176640K, 0% used [0x00000000db300000,0x00000000db300000,0x00000000e5f80000)
  from space 10752K, 99% used [0x00000000e5f80000,0x00000000e69fae08,0x00000000e6a00000)
  to   space 14848K, 0% used [0x00000000e8600000,0x00000000e8600000,0x00000000e9480000)
 ParOldGen       total 73728K, used 22418K [0x0000000091800000, 0x0000000096000000, 0x00000000db300000)
  object space 73728K, 30% used [0x0000000091800000,0x0000000092de4aa0,0x0000000096000000)
 Metaspace       used 46464K, capacity 48996K, committed 49280K, reserved 1091584K
  class space    used 6033K, capacity 6470K, committed 6528K, reserved 1048576K
}

