# JRE version: Java(TM) SE Runtime Environment (8.0_131-b11) (build 1.8.0_131-b11)
# Java VM: Java HotSpot(TM) 64-Bit Server VM (25.131-b11 mixed mode windows-amd64 compressed oops)
Heap:
 PSYoungGen      total 250880K, used 11299K [0x00000000db300000, 0x00000000ee780000, 0x0000000100000000)
  eden space 244224K, 1% used [0x00000000db300000,0x00000000db78ada0,0x00000000ea180000)
  from space 6656K, 99% used [0x00000000eae80000,0x00000000eb4fe040,0x00000000eb500000)
  to   space 13312K, 0% used [0x00000000ea180000,0x00000000ea180000,0x00000000eae80000)
 ParOldGen       total 80896K, used 22825K [0x0000000091800000, 0x0000000096700000, 0x00000000db300000)
  object space 80896K, 28% used [0x0000000091800000,0x0000000092e4a7b8,0x0000000096700000)
 Metaspace       used 42918K, capacity 45416K, committed 45568K, reserved 1089536K
  class space    used 5644K, capacity 6076K, committed 6144K, reserved 1048576K
GC Heap History (10 events):
Event: 6.828 GC heap before
{Heap before GC invocations=10 (full 1):
 PSYoungGen      total 190976K, used 183471K [0x00000000db300000, 0x00000000e7900000, 0x0000000100000000)
  eden space 182272K, 96% used [0x00000000db300000,0x00000000e5e0f8d8,0x00000000e6500000)
  from space 8704K, 95% used [0x00000000e7080000,0x00000000e789c640,0x00000000e7900000)
  to   space 9728K, 0% used [0x00000000e6600000,0x00000000e6600000,0x00000000e6f80000)
 ParOldGen       total 49152K, used 7875K [0x0000000091800000, 0x0000000094800000, 0x00000000db300000)
  object space 49152K, 16% used [0x0000000091800000,0x0000000091fb0cb8,0x0000000094800000)
 Metaspace       used 33381K, capacity 35336K, committed 35416K, reserved 1079296K
  class space    used 4460K, capacity 4810K, committed 4864K, reserved 1048576K
Event: 6.849 GC heap after
Heap after GC invocations=10 (full 1):
 PSYoungGen      total 193024K, used 9710K [0x00000000db300000, 0x00000000eba80000, 0x0000000100000000)
  eden space 183296K, 0% used [0x00000000db300000,0x00000000db300000,0x00000000e6600000)
  from space 9728K, 99% used [0x00000000e6600000,0x00000000e6f7b810,0x00000000e6f80000)
  to   space 12288K, 0% used [0x00000000eae80000,0x00000000eae80000,0x00000000eba80000)
 ParOldGen       total 49152K, used 12316K [0x0000000091800000, 0x0000000094800000, 0x00000000db300000)
  object space 49152K, 25% used [0x0000000091800000,0x0000000092407100,0x0000000094800000)
 Metaspace       used 33381K, capacity 35336K, committed 35416K, reserved 1079296K
  class space    used 4460K, capacity 4810K, committed 4864K, reserved 1048576K
}
Event: 6.850 GC heap before
{Heap before GC invocations=11 (full 2):
 PSYoungGen      total 193024K, used 9710K [0x00000000db300000, 0x00000000eba80000, 0x0000000100000000)
  eden space 183296K, 0% used [0x00000000db300000,0x00000000db300000,0x00000000e6600000)
  from space 9728K, 99% used [0x00000000e6600000,0x00000000e6f7b810,0x00000000e6f80000)
  to   space 12288K, 0% used [0x00000000eae80000,0x00000000eae80000,0x00000000eba80000)
 ParOldGen       total 49152K, used 12316K [0x0000000091800000, 0x0000000094800000, 0x00000000db300000)
  object space 49152K, 25% used [0x0000000091800000,0x0000000092407100,0x0000000094800000)
 Metaspace       used 33381K, capacity 35336K, committed 35416K, reserved 1079296K
  class space    used 4460K, capacity 4810K, committed 4864K, reserved 1048576K
Event: 6.920 GC heap after
Heap after GC invocations=11 (full 2):
 PSYoungGen      total 193024K, used 0K [0x00000000db300000, 0x00000000eba80000, 0x0000000100000000)
  eden space 183296K, 0% used [0x00000000db300000,0x00000000db300000,0x00000000e6600000)
  from space 9728K, 0% used [0x00000000e6600000,0x00000000e6600000,0x00000000e6f80000)
  to   space 12288K, 0% used [0x00000000eae80000,0x00000000eae80000,0x00000000eba80000)
 ParOldGen       total 80896K, used 18999K [0x0000000091800000, 0x0000000096700000, 0x00000000db300000)
  object space 80896K, 23% used [0x0000000091800000,0x0000000092a8dfc0,0x0000000096700000)
 Metaspace       used 33381K, capacity 35336K, committed 35416K, reserved 1079296K
  class space    used 4460K, capacity 4810K, committed 4864K, reserved 1048576K
}
Event: 9.847 GC heap before
{Heap before GC invocations=12 (full 2):
 PSYoungGen      total 193024K, used 183296K [0x00000000db300000, 0x00000000eba80000, 0x0000000100000000)
  eden space 183296K, 100% used [0x00000000db300000,0x00000000e6600000,0x00000000e6600000)
  from space 9728K, 0% used [0x00000000e6600000,0x00000000e6600000,0x00000000e6f80000)
  to   space 12288K, 0% used [0x00000000eae80000,0x00000000eae80000,0x00000000eba80000)
 ParOldGen       total 80896K, used 18999K [0x0000000091800000, 0x0000000096700000, 0x00000000db300000)
  object space 80896K, 23% used [0x0000000091800000,0x0000000092a8dfc0,0x0000000096700000)
 Metaspace       used 39499K, capacity 41804K, committed 41984K, reserved 1085440K
  class space    used 5200K, capacity 5612K, committed 5632K, reserved 1048576K
Event: 9.860 GC heap after
Heap after GC invocations=12 (full 2):
 PSYoungGen      total 241664K, used 6200K [0x00000000db300000, 0x00000000eb500000, 0x0000000100000000)
  eden space 235008K, 0% used [0x00000000db300000,0x00000000db300000,0x00000000e9880000)
  from space 6656K, 93% used [0x00000000eae80000,0x00000000eb48e2b0,0x00000000eb500000)
  to   space 12288K, 0% used [0x00000000e9d00000,0x00000000e9d00000,0x00000000ea900000)
 ParOldGen       total 80896K, used 19071K [0x0000000091800000, 0x0000000096700000, 0x00000000db300000)
  object space 80896K, 23% used [0x0000000091800000,0x0000000092a9ffd0,0x0000000096700000)
 Metaspace       used 39499K, capacity 41804K, committed 41984K, reserved 1085440K
  class space    used 5200K, capacity 5612K, committed 5632K, reserved 1048576K
}
Event: 13.613 GC heap before
{Heap before GC invocations=13 (full 2):
 PSYoungGen      total 241664K, used 241208K [0x00000000db300000, 0x00000000eb500000, 0x0000000100000000)
  eden space 235008K, 100% used [0x00000000db300000,0x00000000e9880000,0x00000000e9880000)
  from space 6656K, 93% used [0x00000000eae80000,0x00000000eb48e2b0,0x00000000eb500000)
  to   space 12288K, 0% used [0x00000000e9d00000,0x00000000e9d00000,0x00000000ea900000)
 ParOldGen       total 80896K, used 19071K [0x0000000091800000, 0x0000000096700000, 0x00000000db300000)
  object space 80896K, 23% used [0x0000000091800000,0x0000000092a9ffd0,0x0000000096700000)
 Metaspace       used 41644K, capacity 44088K, committed 44416K, reserved 1087488K
  class space    used 5509K, capacity 5940K, committed 6016K, reserved 1048576K
Event: 13.636 GC heap after
Heap after GC invocations=13 (full 2):
 PSYoungGen      total 247296K, used 9403K [0x00000000db300000, 0x00000000eb500000, 0x0000000100000000)
  eden space 235008K, 0% used [0x00000000db300000,0x00000000db300000,0x00000000e9880000)
  from space 12288K, 76% used [0x00000000e9d00000,0x00000000ea62eee8,0x00000000ea900000)
  to   space 6656K, 0% used [0x00000000eae80000,0x00000000eae80000,0x00000000eb500000)
 ParOldGen       total 80896K, used 19079K [0x0000000091800000, 0x0000000096700000, 0x00000000db300000)
  object space 80896K, 23% used [0x0000000091800000,0x0000000092aa1fd0,0x0000000096700000)
 Metaspace       used 41644K, capacity 44088K, committed 44416K, reserved 1087488K
  class space    used 5509K, capacity 5940K, committed 6016K, reserved 1048576K
}
Event: 17.907 GC heap before
{Heap before GC invocations=14 (full 2):
 PSYoungGen      total 247296K, used 244411K [0x00000000db300000, 0x00000000eb500000, 0x0000000100000000)
  eden space 235008K, 100% used [0x00000000db300000,0x00000000e9880000,0x00000000e9880000)
  from space 12288K, 76% used [0x00000000e9d00000,0x00000000ea62eee8,0x00000000ea900000)
  to   space 6656K, 0% used [0x00000000eae80000,0x00000000eae80000,0x00000000eb500000)
 ParOldGen       total 80896K, used 19079K [0x0000000091800000, 0x0000000096700000, 0x00000000db300000)
  object space 80896K, 23% used [0x0000000091800000,0x0000000092aa1fd0,0x0000000096700000)
 Metaspace       used 42909K, capacity 45416K, committed 45568K, reserved 1089536K
  class space    used 5642K, capacity 6076K, committed 6144K, reserved 1048576K
Event: 17.921 GC heap after
Heap after GC invocations=14 (full 2):
 PSYoungGen      total 250880K, used 6648K [0x00000000db300000, 0x00000000ee780000, 0x0000000100000000)
  eden space 244224K, 0% used [0x00000000db300000,0x00000000db300000,0x00000000ea180000)
  from space 6656K, 99% used [0x00000000eae80000,0x00000000eb4fe040,0x00000000eb500000)
  to   space 13312K, 0% used [0x00000000ea180000,0x00000000ea180000,0x00000000eae80000)
 ParOldGen       total 80896K, used 22825K [0x0000000091800000, 0x0000000096700000, 0x00000000db300000)
  object space 80896K, 28% used [0x0000000091800000,0x0000000092e4a7b8,0x0000000096700000)
 Metaspace       used 42909K, capacity 45416K, committed 45568K, reserved 1089536K
  class space    used 5642K, capacity 6076K, committed 6144K, reserved 1048576K
}

